LOG:

  07:41:00 - $ waiting school time...
  07:41:00 - $ joing at meeting: [espanhol]...
  07:41:30 - $ error connecting, retrying...
  07:42:10 - $ error connecting, retrying...
  07:42:41 - $ error connecting, retrying...
  07:42:53 - $ error connecting, retrying...
  07:42:59 - $ error connecting, retrying...
  07:43:29 - $ error connecting, retrying...
  07:43:36 - $ error connecting, retrying...
  07:43:53 - $ error connecting, retrying...
  07:44:12 - $ joined
  07:44:12 - $ waiting for next class...
  08:00:00 - $ closing Zoom...
  08:00:02 - $ closed
  08:00:02 - $ joing at meeting: [química]...
  08:00:20 - $ joined
  08:00:20 - $ waiting for next class...
  08:50:00 - $ closing Zoom...
  08:50:02 - $ closed
  08:50:02 - $ joing at meeting: [geografia]...
  08:50:20 - $ joined
  08:50:20 - $ waiting for next class...
  09:30:00 - $ closing Zoom...
  09:30:02 - $ closed
  09:30:02 - $ there is no class at this time
  09:30:02 - $ waiting for next class...
  10:30:55 - $ closing Zoom...
  10:30:58 - $ closed
  10:30:59 - $ joing at meeting: [inglês]...
  10:31:18 - $ joined
  10:31:18 - $ waiting for next class...
  10:50:00 - $ closing Zoom...
  10:50:02 - $ closed
  10:50:02 - $ joing at meeting: [inglês]...
  10:50:20 - $ joined
  10:50:20 - $ waiting for next class...
  11:40:00 - $ closing Zoom...
  11:40:02 - $ closed
  11:40:02 - $ joing at meeting: [física]...
  11:40:20 - $ joined
  11:40:20 - $ waiting for next class...
  12:30:00 - $ closing Zoom...
  12:30:02 - $ closed
  12:30:02 - $ there is no class at this time
  12:30:02 - $ waiting for next class...